Base path: C:/Program Files/Unity/Hub/Editor/2019.1.0f2/Editor/Data
Cmd: initializeCompiler
Cmd: compileComputeKernel
  api=4 insize=2549 outsize=965 ok=1
Cmd: compileComputeKernel
  api=4 insize=14406 outsize=113273 ok=1
Cmd: compileComputeKernel
  api=4 insize=14406 outsize=21745 ok=1
Cmd: compileComputeKernel
  api=4 insize=14406 outsize=47201 ok=1
Cmd: compileComputeKernel
  api=4 insize=14406 outsize=46281 ok=1
Cmd: compileComputeKernel
  api=4 insize=14406 outsize=36329 ok=1
Cmd: compileComputeKernel
  api=4 insize=14406 outsize=44705 ok=1
Cmd: compileComputeKernel
  error: 1 plat 4 at (0): Program 'Deferred_Indirect_ShadowMask_Fptl_Variant26', warning X4714: sum of temp registers and indexable temp registers times 256 threads exceeds the recommended total 16384.  Performance may be reduced
  api=4 insize=14406 outsize=95645 ok=1
Cmd: compileComputeKernel
  api=4 insize=26648 outsize=13793 ok=1
Cmd: compileComputeKernel
  api=4 insize=26648 outsize=16285 ok=1
Cmd: compileComputeKernel
  api=4 insize=3797 outsize=1749 ok=1
Cmd: compileComputeKernel
  api=4 insize=9347 outsize=7977 ok=1
Cmd: compileComputeKernel
  api=4 insize=4918 outsize=2113 ok=1
Cmd: compileComputeKernel
  api=4 insize=12239 outsize=1313 ok=1
Cmd: compileComputeKernel
  api=4 insize=7423 outsize=6497 ok=1
Cmd: compileComputeKernel
  api=4 insize=2532 outsize=1861 ok=1
Cmd: compileComputeKernel
  api=4 insize=20012 outsize=15261 ok=1
Cmd: compileComputeKernel
  api=4 insize=21751 outsize=21785 ok=1
Cmd: compileComputeKernel
  api=4 insize=2905 outsize=1849 ok=1
Cmd: compileComputeKernel
  api=4 insize=34508 outsize=34605 ok=1
Cmd: compileComputeKernel
  api=4 insize=34508 outsize=31641 ok=1
Cmd: compileComputeKernel
  api=4 insize=5089 outsize=729 ok=1
Cmd: compileComputeKernel
  api=4 insize=5089 outsize=929 ok=1
Cmd: compileComputeKernel
  api=4 insize=3206 outsize=3693 ok=1
Cmd: compileComputeKernel
  api=4 insize=7712 outsize=4517 ok=1
Cmd: compileComputeKernel
  api=4 insize=3918 outsize=2657 ok=1
Cmd: compileSnippet
  api=4 type=1 insize=7237 outsize=142 kw=_NORMALMAP_TANGENT_SPACE pd=UNITY_ENABLE_REFLECTION_BUFFERS UNITY_USE_DITHER_MASK_FOR_ALPHABLENDED_SHADOWS UNITY_PBS_USE_BRDF1 UNITY_SPECCUBE_BOX_PROJECTION UNITY_SPECCUBE_BLENDING UNITY_ENABLE_DETAIL_NORMALMAP SHADER_API_DESKTOP UNITY_LIGHT_PROBE_PROXY_VOLUME UNITY_LIGHTMAP_FULL_HDR ok=1
